Added Pin To Net: NetName=V_uC Pin=C73-2
Added Pin To Net: NetName=V_uC Pin=C74-1
Added Pin To Net: NetName=V_uC Pin=C79-2
Added Pin To Net: NetName=V_uC Pin=C80-2
Added Pin To Net: NetName=V_uC Pin=C81-1
Added Pin To Net: NetName=NetJ23_2 Pin=J23-2
Added Pin To Net: NetName=NetJ23_2 Pin=J23-2
Added Pin To Net: NetName=NetJ23_2 Pin=J23-2
Added Pin To Net: NetName=NetJ23_2 Pin=J23-2
Added Pin To Net: NetName=NetJ23_2 Pin=J23-2
Added Pin To Net: NetName=NetJ23_2 Pin=J23-2
Added Pin To Net: NetName=NetJ23_2 Pin=J23-2
Added Pin To Net: NetName=NetJ23_2 Pin=J23-2
Added Pin To Net: NetName=NetJ23_2 Pin=J23-2
Added Pin To Net: NetName=NetJ23_2 Pin=J23-2
Added Pin To Net: NetName=NetJ23_2 Pin=J23-2
Added Pin To Net: NetName=NetJ23_2 Pin=J23-2
Added Pin To Net: NetName=NetJ23_2 Pin=J23-2
Added Pin To Net: NetName=NetJ23_2 Pin=J23-2
Added Pin To Net: NetName=NetJ23_2 Pin=J23-2
Added Pin To Net: NetName=NetJ23_2 Pin=J23-2
Added Pin To Net: NetName=NetJ23_2 Pin=J23-2
Added Pin To Net: NetName=NetJ23_2 Pin=J23-2
Added Pin To Net: NetName=NetJ24_2 Pin=J24-2
Added Pin To Net: NetName=NetJ24_2 Pin=J24-2
Added Pin To Net: NetName=NetJ24_2 Pin=J24-2
Added Pin To Net: NetName=NetJ24_2 Pin=J24-2
Added Pin To Net: NetName=NetJ24_2 Pin=J24-2
Added Pin To Net: NetName=NetJ24_2 Pin=J24-2
Added Pin To Net: NetName=NetJ24_2 Pin=J24-2
Added Pin To Net: NetName=NetJ24_2 Pin=J24-2
Added Pin To Net: NetName=NetJ24_2 Pin=J24-2
Added Pin To Net: NetName=NetJ24_2 Pin=J24-2
Added Pin To Net: NetName=NetJ24_2 Pin=J24-2
Added Pin To Net: NetName=NetJ24_2 Pin=J24-2
Added Pin To Net: NetName=NetJ24_2 Pin=J24-2
Added Pin To Net: NetName=NetJ24_2 Pin=J24-2
Added Pin To Net: NetName=NetJ24_2 Pin=J24-2
Added Pin To Net: NetName=NetJ24_2 Pin=J24-2
Added Pin To Net: NetName=NetJ24_2 Pin=J24-2
Added Pin To Net: NetName=NetJ24_2 Pin=J24-2
Added Pin To Net: NetName=PwrDown_int2_aux2 Pin=J25-1
Added Pin To Net: NetName=PwrDown_int2_aux2 Pin=J25-1
Added Pin To Net: NetName=PwrDown_int2_aux2 Pin=J25-1
Added Pin To Net: NetName=PwrDown_int2_aux2 Pin=J25-1
Added Pin To Net: NetName=PwrDown_int2_aux2 Pin=J25-1
Added Pin To Net: NetName=PwrDown_int2_aux2 Pin=J25-1
Added Pin To Net: NetName=PwrDown_int2_aux2 Pin=J25-1
Added Pin To Net: NetName=PwrDown_int2_aux2 Pin=J25-1
Added Pin To Net: NetName=PwrDown_int2_aux2 Pin=J25-1
Added Pin To Net: NetName=PwrDown_int2_aux2 Pin=J25-1
Added Pin To Net: NetName=PwrDown_int2_aux2 Pin=J25-1
Added Pin To Net: NetName=PwrDown_int2_aux2 Pin=J25-1
Added Pin To Net: NetName=PwrDown_int2_aux2 Pin=J25-1
Added Pin To Net: NetName=PwrDown_int2_aux2 Pin=J25-1
Added Pin To Net: NetName=PwrDown_int2_aux2 Pin=J25-1
Added Pin To Net: NetName=PwrDown_int2_aux2 Pin=J25-1
Added Pin To Net: NetName=PwrDown_int2_aux2 Pin=J25-1
Added Pin To Net: NetName=PwrDown_int2_aux2 Pin=J25-1
Added Pin To Net: NetName=NetJ25_2 Pin=J25-2
Added Pin To Net: NetName=NetJ25_2 Pin=J25-2
Added Pin To Net: NetName=NetJ25_2 Pin=J25-2
Added Pin To Net: NetName=NetJ25_2 Pin=J25-2
Added Pin To Net: NetName=NetJ25_2 Pin=J25-2
Added Pin To Net: NetName=NetJ25_2 Pin=J25-2
Added Pin To Net: NetName=NetJ25_2 Pin=J25-2
Added Pin To Net: NetName=NetJ25_2 Pin=J25-2
Added Pin To Net: NetName=NetJ25_2 Pin=J25-2
Added Pin To Net: NetName=NetJ25_2 Pin=J25-2
Added Pin To Net: NetName=NetJ25_2 Pin=J25-2
Added Pin To Net: NetName=NetJ25_2 Pin=J25-2
Added Pin To Net: NetName=NetJ25_2 Pin=J25-2
Added Pin To Net: NetName=NetJ25_2 Pin=J25-2
Added Pin To Net: NetName=NetJ25_2 Pin=J25-2
Added Pin To Net: NetName=NetJ25_2 Pin=J25-2
Added Pin To Net: NetName=NetJ25_2 Pin=J25-2
Added Pin To Net: NetName=NetJ25_2 Pin=J25-2
Added Pin To Net: NetName=PwrDown_int2_aux2 Pin=J26-1
Added Pin To Net: NetName=PwrDown_int2_aux2 Pin=J26-1
Added Pin To Net: NetName=PwrDown_int2_aux2 Pin=J26-1
Added Pin To Net: NetName=PwrDown_int2_aux2 Pin=J26-1
Added Pin To Net: NetName=PwrDown_int2_aux2 Pin=J26-1
Added Pin To Net: NetName=PwrDown_int2_aux2 Pin=J26-1
Added Pin To Net: NetName=PwrDown_int2_aux2 Pin=J26-1
Added Pin To Net: NetName=PwrDown_int2_aux2 Pin=J26-1
Added Pin To Net: NetName=PwrDown_int2_aux2 Pin=J26-1
Added Pin To Net: NetName=PwrDown_int2_aux2 Pin=J26-1
Added Pin To Net: NetName=PwrDown_int2_aux2 Pin=J26-1
Added Pin To Net: NetName=PwrDown_int2_aux2 Pin=J26-1
Added Pin To Net: NetName=PwrDown_int2_aux2 Pin=J26-1
Added Pin To Net: NetName=PwrDown_int2_aux2 Pin=J26-1
Added Pin To Net: NetName=PwrDown_int2_aux2 Pin=J26-1
Added Pin To Net: NetName=PwrDown_int2_aux2 Pin=J26-1
Added Pin To Net: NetName=PwrDown_int2_aux2 Pin=J26-1
Added Pin To Net: NetName=PwrDown_int2_aux2 Pin=J26-1
Added Pin To Net: NetName=NetL4_1 Pin=L4-1
Added Pin To Net: NetName=NetL5_1 Pin=L5-1
Added Pin To Net: NetName=NetL4_1 Pin=L5-2
Added Pin To Net: NetName=V_uC Pin=P7-1
Added Pin To Net: NetName=NetP7_2 Pin=P7-2
Added Pin To Net: NetName=NetP7_4 Pin=P7-4
Added Pin To Net: NetName=PwrDown_int2_aux2 Pin=P9-1
Added Pin To Net: NetName=V_uC Pin=R26-2
Added Pin To Net: NetName=V_uC Pin=R27-2
Added Pin To Net: NetName=NetR28_1 Pin=R28-1
Added Pin To Net: NetName=NetR28_1 Pin=R29-1
Added Pin To Net: NetName=V_uC Pin=R32-2
Added Pin To Net: NetName=NetTP1_1 Pin=TP1-1
Added Pin To Net: NetName=NetTP2_1 Pin=TP2-1
Added Pin To Net: NetName=NetTP4_1 Pin=TP4-1
Added Pin To Net: NetName=NetTP5_1 Pin=TP5-1
Added Pin To Net: NetName=NetTP6_1 Pin=TP6-1
Added Pin To Net: NetName=NetTP1_1 Pin=U1-34
Added Pin To Net: NetName=NetJ25_2 Pin=U1-35
Added Pin To Net: NetName=NetJ24_2 Pin=U1-37
Added Pin To Net: NetName=NetJ23_2 Pin=U1-38
Added Pin To Net: NetName=NetTP5_1 Pin=U1-39
Added Pin To Net: NetName=NetTP4_1 Pin=U1-40
Added Pin To Net: NetName=NetTP2_1 Pin=U1-43
Added Pin To Net: NetName=NetTP6_1 Pin=U1-47
Added Pin To Net: NetName=NetJ25_2 Pin=U4-3
Added Pin To Net: NetName=V_uC Pin=U11-5
Added Pin To Net: NetName=V_uC Pin=U11-8
Added Pin To Net: NetName=V_uC Pin=U11-12
Added Pin To Net: NetName=NetR28_1 Pin=U12-4
Added Pin To Net: NetName=NetTP6_1 Pin=U12-5
Added Pin To Net: NetName=NetTP1_1 Pin=U12-6
Added Pin To Net: NetName=NetTP2_1 Pin=U12-7
Added Pin To Net: NetName=NetTP4_1 Pin=U12-8
Added Pin To Net: NetName=V_uC Pin=U12-9
Added Pin To Net: NetName=NetTP5_1 Pin=U12-10
Added Pin To Net: NetName=NetP7_4 Pin=U12-17
Added Pin To Net: NetName=NetP7_2 Pin=U12-18
Added Pin To Net: NetName=V_uC Pin=U12-25
Added Pin To Net: NetName=PwrDown_int2_aux2 Pin=U12-28
Added Pin To Net: NetName=NetL5_1 Pin=U12-31
Added Pin To Net: NetName=V_uC Pin=U12-32
Added Member To Class: ClassName=Smart_Bracelet Member=Component C73 100nF, IMU, pin 5/6
