Removed Pin From Net: NetName=Net*2_1 Pin=*2-1
Removed Pin From Net: NetName=Net*3_1 Pin=*3-1
Removed Pin From Net: NetName=Net*4_1 Pin=*4-1
Removed Pin From Net: NetName=Net*5_1 Pin=*5-1
Removed Pin From Net: NetName=Net*6_1 Pin=*6-1
Removed Pin From Net: NetName=Net*8_1 Pin=*8-1
Removed Pin From Net: NetName=Net*9_1 Pin=*9-1
Removed Pin From Net: NetName=Net*10_1 Pin=*10-1
Removed Pin From Net: NetName=Net*11_1 Pin=*11-1
Removed Pin From Net: NetName=Net*12_1 Pin=*12-1
Removed Pin From Net: NetName=Net*13_1 Pin=*13-1
Removed Pin From Net: NetName=Net*15_1 Pin=*15-1
Removed Pin From Net: NetName=Net*16_1 Pin=*16-1
Removed Pin From Net: NetName=Net*17_1 Pin=*17-1
Removed Pin From Net: NetName=Net*18_1 Pin=*18-1
Removed Pin From Net: NetName=Net1_1 Pin=1-1
Removed Member From Class: ClassName=Sheet1 Member=*2
Removed Member From Class: ClassName=Sheet1 Member=*3
Removed Member From Class: ClassName=Sheet1 Member=*4
Removed Member From Class: ClassName=Sheet1 Member=*5
Removed Member From Class: ClassName=Sheet1 Member=*6
Removed Member From Class: ClassName=Sheet1 Member=*8
Removed Member From Class: ClassName=Sheet1 Member=*9
Removed Member From Class: ClassName=Sheet1 Member=*10
Removed Member From Class: ClassName=Sheet1 Member=*11
Removed Member From Class: ClassName=Sheet1 Member=*12
Removed Member From Class: ClassName=Sheet1 Member=*13
Removed Member From Class: ClassName=Sheet1 Member=*15
Removed Member From Class: ClassName=Sheet1 Member=*16
Removed Member From Class: ClassName=Sheet1 Member=*17
Removed Member From Class: ClassName=Sheet1 Member=*18
Removed Member From Class: ClassName=Sheet1 Member=1
Removed Member From Class: ClassName=Sheet2 Member=DS3
Removed Member From Class: ClassName=Sheet2 Member=DS4
Removed Member From Class: ClassName=Smart_Bracelet Member=P8
Removed Member From Class: ClassName=Sheet2 Member=P12
Removed Member From Class: ClassName=Sheet2 Member=P14
Removed Member From Class: ClassName=Sheet1 Member=R40
Removed Member From Class: ClassName=Sheet1 Member=R41
Removed Member From Class: ClassName=Sheet1 Member=R42
Removed Member From Class: ClassName=Sheet1 Member=R43
Removed Member From Class: ClassName=Sheet1 Member=R44
Removed Member From Class: ClassName=Sheet1 Member=R45
Removed Member From Class: ClassName=Sheet1 Member=R46
Removed Member From Class: ClassName=Sheet2 Member=SW2
Added Pin To Net: NetName=PwrDown_int2_aux2 Pin=J21-1
Added Pin To Net: NetName=PwrDown_int2_aux2 Pin=J21-1
Added Pin To Net: NetName=PwrDown_int2_aux2 Pin=J21-1
Added Pin To Net: NetName=PwrDown_int2_aux2 Pin=J21-1
Added Pin To Net: NetName=PwrDown_int2_aux2 Pin=J21-1
Added Pin To Net: NetName=PwrDown_int2_aux2 Pin=J21-1
Added Pin To Net: NetName=PwrDown_int2_aux2 Pin=J21-1
Added Pin To Net: NetName=PwrDown_int2_aux2 Pin=J21-1
Added Pin To Net: NetName=PwrDown_int2_aux2 Pin=J21-1
Added Pin To Net: NetName=PwrDown_int2_aux2 Pin=J21-1
Added Pin To Net: NetName=PwrDown_int2_aux2 Pin=J21-1
Added Pin To Net: NetName=PwrDown_int2_aux2 Pin=J21-1
Added Pin To Net: NetName=PwrDown_int2_aux2 Pin=J21-1
Added Pin To Net: NetName=PwrDown_int2_aux2 Pin=J21-1
Added Pin To Net: NetName=PwrDown_int2_aux2 Pin=J21-1
Added Pin To Net: NetName=PwrDown_int2_aux2 Pin=J21-1
Added Pin To Net: NetName=PwrDown_int2_aux2 Pin=J21-1
Added Pin To Net: NetName=PwrDown_int2_aux2 Pin=J21-1
Added Pin To Net: NetName=PwrDown_int2_aux2 Pin=J22-1
Added Pin To Net: NetName=PwrDown_int2_aux2 Pin=J22-1
Added Pin To Net: NetName=PwrDown_int2_aux2 Pin=J22-1
Added Pin To Net: NetName=PwrDown_int2_aux2 Pin=J22-1
Added Pin To Net: NetName=PwrDown_int2_aux2 Pin=J22-1
Added Pin To Net: NetName=PwrDown_int2_aux2 Pin=J22-1
Added Pin To Net: NetName=PwrDown_int2_aux2 Pin=J22-1
Added Pin To Net: NetName=PwrDown_int2_aux2 Pin=J22-1
Added Pin To Net: NetName=PwrDown_int2_aux2 Pin=J22-1
Added Pin To Net: NetName=PwrDown_int2_aux2 Pin=J22-1
Added Pin To Net: NetName=PwrDown_int2_aux2 Pin=J22-1
Added Pin To Net: NetName=PwrDown_int2_aux2 Pin=J22-1
Added Pin To Net: NetName=PwrDown_int2_aux2 Pin=J22-1
Added Pin To Net: NetName=PwrDown_int2_aux2 Pin=J22-1
Added Pin To Net: NetName=PwrDown_int2_aux2 Pin=J22-1
Added Pin To Net: NetName=PwrDown_int2_aux2 Pin=J22-1
Added Pin To Net: NetName=PwrDown_int2_aux2 Pin=J22-1
Added Pin To Net: NetName=PwrDown_int2_aux2 Pin=J22-1
Added Pin To Net: NetName=NetL4_1 Pin=L4-1
Added Pin To Net: NetName=PwrDown_int2_aux2 Pin=P14-1
Added Pin To Net: NetName=NetTP1_1 Pin=TP1-1
Added Pin To Net: NetName=NetTP2_1 Pin=TP2-1
Added Pin To Net: NetName=NetTP4_1 Pin=TP4-1
Added Pin To Net: NetName=NetTP5_1 Pin=TP5-1
Added Pin To Net: NetName=NetTP6_1 Pin=TP6-1
Added Pin To Net: NetName=NetTP2_1 Pin=U1-34
Added Pin To Net: NetName=NetTP6_1 Pin=U1-39
Added Pin To Net: NetName=NetTP5_1 Pin=U1-40
Added Pin To Net: NetName=NetTP4_1 Pin=U1-43
Added Pin To Net: NetName=NetTP1_1 Pin=U1-47
Added Pin To Net: NetName=NetTP1_1 Pin=U6-5
Added Pin To Net: NetName=NetTP2_1 Pin=U6-6
Added Pin To Net: NetName=NetTP4_1 Pin=U6-7
Added Pin To Net: NetName=NetTP5_1 Pin=U6-8
Added Pin To Net: NetName=NetTP6_1 Pin=U6-10
Added Pin To Net: NetName=PwrDown_int2_aux2 Pin=U6-28
Added Pin To Net: NetName=NetL4_1 Pin=U6-31
Change Net Name : Old Net Name=Net1_1 New Net Name=NetC2_2
Change Net Name : Old Net Name=Net*2_1 New Net Name=NetC2_1
Change Net Name : Old Net Name=Net*3_1 New Net Name=NetC6_2
Change Net Name : Old Net Name=Net*4_1 New Net Name=NetC6_1
Change Net Name : Old Net Name=Net*5_1 New Net Name=NetC11_2
Change Net Name : Old Net Name=Net*6_1 New Net Name=NetC11_1
Change Net Name : Old Net Name=Net*8_1 New Net Name=NetC23_2
Change Net Name : Old Net Name=Net*9_1 New Net Name=NetC23_1
Change Net Name : Old Net Name=Net*10_1 New Net Name=NetC27_2
Change Net Name : Old Net Name=Net*11_1 New Net Name=NetC27_1
Change Net Name : Old Net Name=Net*12_1 New Net Name=NetC31_2
Change Net Name : Old Net Name=Net*13_1 New Net Name=NetC31_1
Change Net Name : Old Net Name=Net*15_1 New Net Name=NetC35_2
Change Net Name : Old Net Name=Net*16_1 New Net Name=NetC35_1
Change Net Name : Old Net Name=Net*17_1 New Net Name=NetC39_2
Change Net Name : Old Net Name=Net*18_1 New Net Name=NetC39_1
Added Member To Class: ClassName=Smart_Bracelet Member=Component C71 4.7uF
Added Member To Class: ClassName=Smart_Bracelet Member=Component C72 CC0603KRX7R9BB104
Added Member To Class: ClassName=Sheet2 Member=Component D4 ESD
Added Member To Class: ClassName=Sheet2 Member=Component D7 ESD
Added Member To Class: ClassName=Sheet2 Member=Component D9 ESD
Added Member To Class: ClassName=Sheet2 Member=Component D11 ESD
Added Member To Class: ClassName=Sheet2 Member=Component D13 ESD
Added Member To Class: ClassName=Sheet2 Member=Component D17 ESD
Added Member To Class: ClassName=Sheet2 Member=Component D20 ESD
Added Member To Class: ClassName=Sheet2 Member=Component D22 ESD
Added Member To Class: ClassName=Sheet2 Member=Component D30 ESD
Added Member To Class: ClassName=Sheet2 Member=Component DS1 APG1608CGKC/T
Added Member To Class: ClassName=Sheet2 Member=Component DS2 APG1608SURKC/T
Added Member To Class: ClassName=Sheet2 Member=Component J4 5-1814832-1
Added Member To Class: ClassName=Sheet2 Member=Component J7 5-1814832-1
Added Member To Class: ClassName=Sheet2 Member=Component J8 5-1814832-1
Added Member To Class: ClassName=Sheet2 Member=Component J11 Solder Jumper
Added Member To Class: ClassName=Sheet2 Member=Component J13 5-1814832-1
Added Member To Class: ClassName=Sheet2 Member=Component J14 5-1814832-1
Added Member To Class: ClassName=Smart_Bracelet Member=Component J21 Solder Jumper
Added Member To Class: ClassName=Smart_Bracelet Member=Component J22 Solder Jumper
Added Member To Class: ClassName=Smart_Bracelet Member=Component L4 SRR0603-100ML
Added Member To Class: ClassName=Sheet2 Member=Component P2 FIX_RLD
Added Member To Class: ClassName=Sheet2 Member=Component P3 FIX_RLD
Added Member To Class: ClassName=Sheet2 Member=Component P5 FIX_RLD
Added Member To Class: ClassName=Sheet2 Member=Component P6 FIX_RLD
Added Member To Class: ClassName=Sheet2 Member=Component P7 FIX_RLD
Added Member To Class: ClassName=Sheet2 Member=Component P9 Battery
Added Member To Class: ClassName=Sheet2 Member=Component P11 FIX_RLD
Added Member To Class: ClassName=Smart_Bracelet Member=Component P13 RxTx
Added Member To Class: ClassName=Sheet1 Member=Component R26 100k
Added Member To Class: ClassName=Sheet1 Member=Component R27 100k
Added Member To Class: ClassName=Sheet1 Member=Component R28 100k
Added Member To Class: ClassName=Sheet1 Member=Component R29 100k
Added Member To Class: ClassName=Sheet1 Member=Component R30 100k
Added Member To Class: ClassName=Sheet1 Member=Component R31 100k
Added Member To Class: ClassName=Sheet1 Member=Component R32 100k
Added Member To Class: ClassName=Sheet2 Member=Component SW1 JS202011SCQN
Added Member To Class: ClassName=Smart_Bracelet Member=Component TP4 T2
Added Member To Class: ClassName=Smart_Bracelet Member=Component TP5 T4
Added Member To Class: ClassName=Smart_Bracelet Member=Component TP6 T5
Added Member To Class: ClassName=Smart_Bracelet Member=Component U5 BMX160
