Removed Pin From Net: NetName=V_bat Pin=R30-1
Removed Pin From Net: NetName=V_bat Pin=R31-1
Added Component: Designator=U5(JT-2450AT18D0100E_V)
Add component (AddParameter): Name = "Antenna Type"; Value = "Chip"; VariantName = "[No Variations]"
Add component (AddParameter): Name = "Applications"; Value = "-"; VariantName = "[No Variations]"
Add component (AddParameter): Name = "Category"; Value = "RF/IFandRFID"; VariantName = "[No Variations]"
Add component (AddParameter): Name = "Datasheet URL"; Value = "http://www.johansontechnology.com/datasheets/antennas/2450AT18D0100.pdf"; VariantName = "[No Variations]"
Add component (AddParameter): Name = "Datasheet Version"; Value = "Rev. 3.0, 09/2015"; VariantName = "[No Variations]"
Add component (AddParameter): Name = "Family"; Value = "RFAntennas"; VariantName = "[No Variations]"
Add component (AddParameter): Name = "Features"; Value = "-"; VariantName = "[No Variations]"
Add component (AddParameter): Name = "Frequency (Center/Band)"; Value = "2.4GHz"; VariantName = "[No Variations]"
Add component (AddParameter): Name = "Frequency Group"; Value = "UHF(2GHz~3GHz)"; VariantName = "[No Variations]"
Add component (AddParameter): Name = "Frequency Range"; Value = "2.4GHz~2.5GHz"; VariantName = "[No Variations]"
Add component (AddParameter): Name = "Gain"; Value = "1.5dBi"; VariantName = "[No Variations]"
Add component (AddParameter): Name = "Height (Max)"; Value = "0.047"(1.20mm)"; VariantName = "[No Variations]"
Add component (AddParameter): Name = "Ingress Protection"; Value = "-"; VariantName = "[No Variations]"
Add component (AddParameter): Name = "Manufacturer"; Value = "Johanson Technology"; VariantName = "[No Variations]"
Add component (AddParameter): Name = "Manufacturer URL"; Value = "https://www.johansontechnology.com/"; VariantName = "[No Variations]"
Add component (AddParameter): Name = "Mounting Technology"; Value = "SurfaceMount"; VariantName = "[No Variations]"
Add component (AddParameter): Name = "Mounting Type"; Value = "SurfaceMount"; VariantName = "[No Variations]"
Add component (AddParameter): Name = "Number of Bands"; Value = "1"; VariantName = "[No Variations]"
Add component (AddParameter): Name = "Online Catalog"; Value = "JohansonTechnologyInc-Embedded"; VariantName = "[No Variations]"
Add component (AddParameter): Name = "Other Names"; Value = "712-1573-2"; VariantName = "[No Variations]"
Add component (AddParameter): Name = "Package Description"; Value = "4-Pin Surface Mount Device, Body 3.2 x 1.6 mm"; VariantName = "[No Variations]"
Add component (AddParameter): Name = "Package Reference"; Value = "2450AT18D0100E"; VariantName = "[No Variations]"
Add component (AddParameter): Name = "Packaging"; Value = "Tape&Reel(TR)"; VariantName = "[No Variations]"
Add component (AddParameter): Name = "Power - Max"; Value = "2W"; VariantName = "[No Variations]"
Add component (AddParameter): Name = "Return Loss"; Value = "-10dB"; VariantName = "[No Variations]"
Add component (AddParameter): Name = "Series"; Value = "-"; VariantName = "[No Variations]"
Add component (AddParameter): Name = "Standard Package"; Value = "3,000"; VariantName = "[No Variations]"
Add component (AddParameter): Name = "Termination"; Value = "Solder"; VariantName = "[No Variations]"
Add component (AddParameter): Name = "VSWR"; Value = "-"; VariantName = "[No Variations]"
Added Pin To Net: NetName=VuC Pin=C73-2
Added Pin To Net: NetName=VuC Pin=C74-1
Added Pin To Net: NetName=VuC Pin=C79-2
Added Pin To Net: NetName=VuC Pin=C80-2
Added Pin To Net: NetName=VuC Pin=C81-1
Added Pin To Net: NetName=NetJ23_2 Pin=J23-2
Added Pin To Net: NetName=NetJ23_2 Pin=J23-2
Added Pin To Net: NetName=NetJ23_2 Pin=J23-2
Added Pin To Net: NetName=NetJ23_2 Pin=J23-2
Added Pin To Net: NetName=NetJ23_2 Pin=J23-2
Added Pin To Net: NetName=NetJ23_2 Pin=J23-2
Added Pin To Net: NetName=NetJ23_2 Pin=J23-2
Added Pin To Net: NetName=NetJ23_2 Pin=J23-2
Added Pin To Net: NetName=NetJ23_2 Pin=J23-2
Added Pin To Net: NetName=NetJ23_2 Pin=J23-2
Added Pin To Net: NetName=NetJ23_2 Pin=J23-2
Added Pin To Net: NetName=NetJ23_2 Pin=J23-2
Added Pin To Net: NetName=NetJ23_2 Pin=J23-2
Added Pin To Net: NetName=NetJ23_2 Pin=J23-2
Added Pin To Net: NetName=NetJ23_2 Pin=J23-2
Added Pin To Net: NetName=NetJ23_2 Pin=J23-2
Added Pin To Net: NetName=NetJ23_2 Pin=J23-2
Added Pin To Net: NetName=NetJ23_2 Pin=J23-2
Added Pin To Net: NetName=NetJ24_2 Pin=J24-2
Added Pin To Net: NetName=NetJ24_2 Pin=J24-2
Added Pin To Net: NetName=NetJ24_2 Pin=J24-2
Added Pin To Net: NetName=NetJ24_2 Pin=J24-2
Added Pin To Net: NetName=NetJ24_2 Pin=J24-2
Added Pin To Net: NetName=NetJ24_2 Pin=J24-2
Added Pin To Net: NetName=NetJ24_2 Pin=J24-2
Added Pin To Net: NetName=NetJ24_2 Pin=J24-2
Added Pin To Net: NetName=NetJ24_2 Pin=J24-2
Added Pin To Net: NetName=NetJ24_2 Pin=J24-2
Added Pin To Net: NetName=NetJ24_2 Pin=J24-2
Added Pin To Net: NetName=NetJ24_2 Pin=J24-2
Added Pin To Net: NetName=NetJ24_2 Pin=J24-2
Added Pin To Net: NetName=NetJ24_2 Pin=J24-2
Added Pin To Net: NetName=NetJ24_2 Pin=J24-2
Added Pin To Net: NetName=NetJ24_2 Pin=J24-2
Added Pin To Net: NetName=NetJ24_2 Pin=J24-2
Added Pin To Net: NetName=NetJ24_2 Pin=J24-2
Added Pin To Net: NetName=PwrDown_int2_aux2 Pin=J25-1
Added Pin To Net: NetName=PwrDown_int2_aux2 Pin=J25-1
Added Pin To Net: NetName=PwrDown_int2_aux2 Pin=J25-1
Added Pin To Net: NetName=PwrDown_int2_aux2 Pin=J25-1
Added Pin To Net: NetName=PwrDown_int2_aux2 Pin=J25-1
Added Pin To Net: NetName=PwrDown_int2_aux2 Pin=J25-1
Added Pin To Net: NetName=PwrDown_int2_aux2 Pin=J25-1
Added Pin To Net: NetName=PwrDown_int2_aux2 Pin=J25-1
Added Pin To Net: NetName=PwrDown_int2_aux2 Pin=J25-1
Added Pin To Net: NetName=PwrDown_int2_aux2 Pin=J25-1
Added Pin To Net: NetName=PwrDown_int2_aux2 Pin=J25-1
Added Pin To Net: NetName=PwrDown_int2_aux2 Pin=J25-1
Added Pin To Net: NetName=PwrDown_int2_aux2 Pin=J25-1
Added Pin To Net: NetName=PwrDown_int2_aux2 Pin=J25-1
Added Pin To Net: NetName=PwrDown_int2_aux2 Pin=J25-1
Added Pin To Net: NetName=PwrDown_int2_aux2 Pin=J25-1
Added Pin To Net: NetName=PwrDown_int2_aux2 Pin=J25-1
Added Pin To Net: NetName=PwrDown_int2_aux2 Pin=J25-1
Added Pin To Net: NetName=NetJ25_2 Pin=J25-2
Added Pin To Net: NetName=NetJ25_2 Pin=J25-2
Added Pin To Net: NetName=NetJ25_2 Pin=J25-2
Added Pin To Net: NetName=NetJ25_2 Pin=J25-2
Added Pin To Net: NetName=NetJ25_2 Pin=J25-2
Added Pin To Net: NetName=NetJ25_2 Pin=J25-2
Added Pin To Net: NetName=NetJ25_2 Pin=J25-2
Added Pin To Net: NetName=NetJ25_2 Pin=J25-2
Added Pin To Net: NetName=NetJ25_2 Pin=J25-2
Added Pin To Net: NetName=NetJ25_2 Pin=J25-2
Added Pin To Net: NetName=NetJ25_2 Pin=J25-2
Added Pin To Net: NetName=NetJ25_2 Pin=J25-2
Added Pin To Net: NetName=NetJ25_2 Pin=J25-2
Added Pin To Net: NetName=NetJ25_2 Pin=J25-2
Added Pin To Net: NetName=NetJ25_2 Pin=J25-2
Added Pin To Net: NetName=NetJ25_2 Pin=J25-2
Added Pin To Net: NetName=NetJ25_2 Pin=J25-2
Added Pin To Net: NetName=NetJ25_2 Pin=J25-2
Added Pin To Net: NetName=PwrDown_int2_aux2 Pin=J26-1
Added Pin To Net: NetName=PwrDown_int2_aux2 Pin=J26-1
Added Pin To Net: NetName=PwrDown_int2_aux2 Pin=J26-1
Added Pin To Net: NetName=PwrDown_int2_aux2 Pin=J26-1
Added Pin To Net: NetName=PwrDown_int2_aux2 Pin=J26-1
Added Pin To Net: NetName=PwrDown_int2_aux2 Pin=J26-1
Added Pin To Net: NetName=PwrDown_int2_aux2 Pin=J26-1
Added Pin To Net: NetName=PwrDown_int2_aux2 Pin=J26-1
Added Pin To Net: NetName=PwrDown_int2_aux2 Pin=J26-1
Added Pin To Net: NetName=PwrDown_int2_aux2 Pin=J26-1
Added Pin To Net: NetName=PwrDown_int2_aux2 Pin=J26-1
Added Pin To Net: NetName=PwrDown_int2_aux2 Pin=J26-1
Added Pin To Net: NetName=PwrDown_int2_aux2 Pin=J26-1
Added Pin To Net: NetName=PwrDown_int2_aux2 Pin=J26-1
Added Pin To Net: NetName=PwrDown_int2_aux2 Pin=J26-1
Added Pin To Net: NetName=PwrDown_int2_aux2 Pin=J26-1
Added Pin To Net: NetName=PwrDown_int2_aux2 Pin=J26-1
Added Pin To Net: NetName=PwrDown_int2_aux2 Pin=J26-1
Added Pin To Net: NetName=NetL4_1 Pin=L4-1
Added Pin To Net: NetName=NetL5_1 Pin=L5-1
Added Pin To Net: NetName=NetL4_1 Pin=L5-2
Added Pin To Net: NetName=VuC Pin=P7-1
Added Pin To Net: NetName=NetP7_2 Pin=P7-2
Added Pin To Net: NetName=NetP7_4 Pin=P7-4
Added Pin To Net: NetName=PwrDown_int2_aux2 Pin=P9-1
Added Pin To Net: NetName=VuC Pin=R26-2
Added Pin To Net: NetName=VuC Pin=R27-2
Added Pin To Net: NetName=NetR28_1 Pin=R28-1
Added Pin To Net: NetName=NetR28_1 Pin=R29-1
Added Pin To Net: NetName=VuC Pin=R30-1
Added Pin To Net: NetName=VuC Pin=R31-1
Added Pin To Net: NetName=VuC Pin=R32-2
Added Pin To Net: NetName=NetTP1_1 Pin=TP1-1
Added Pin To Net: NetName=NetTP2_1 Pin=TP2-1
Added Pin To Net: NetName=NetTP4_1 Pin=TP4-1
Added Pin To Net: NetName=NetTP5_1 Pin=TP5-1
Added Pin To Net: NetName=NetTP6_1 Pin=TP6-1
Added Pin To Net: NetName=NetTP1_1 Pin=U1-34
Added Pin To Net: NetName=NetJ25_2 Pin=U1-35
Added Pin To Net: NetName=NetJ24_2 Pin=U1-37
Added Pin To Net: NetName=NetJ23_2 Pin=U1-38
Added Pin To Net: NetName=NetTP5_1 Pin=U1-39
Added Pin To Net: NetName=NetTP4_1 Pin=U1-40
Added Pin To Net: NetName=NetTP2_1 Pin=U1-43
Added Pin To Net: NetName=NetTP6_1 Pin=U1-47
Added Pin To Net: NetName=NetJ25_2 Pin=U4-3
Added Pin To Net: NetName=Antenna Pin=U5-1
Added Pin To Net: NetName=AGND Pin=U5-2
Added Pin To Net: NetName=AGND Pin=U5-3
Added Pin To Net: NetName=AGND Pin=U5-4
Added Pin To Net: NetName=VuC Pin=U11-5
Added Pin To Net: NetName=VuC Pin=U11-8
Added Pin To Net: NetName=VuC Pin=U11-12
Added Pin To Net: NetName=NetR28_1 Pin=U12-4
Added Pin To Net: NetName=NetTP6_1 Pin=U12-5
Added Pin To Net: NetName=NetTP1_1 Pin=U12-6
Added Pin To Net: NetName=NetTP2_1 Pin=U12-7
Added Pin To Net: NetName=NetTP4_1 Pin=U12-8
Added Pin To Net: NetName=VuC Pin=U12-9
Added Pin To Net: NetName=NetTP5_1 Pin=U12-10
Added Pin To Net: NetName=NetP7_4 Pin=U12-17
Added Pin To Net: NetName=NetP7_2 Pin=U12-18
Added Pin To Net: NetName=VuC Pin=U12-25
Added Pin To Net: NetName=PwrDown_int2_aux2 Pin=U12-28
Added Pin To Net: NetName=NetL5_1 Pin=U12-31
Added Pin To Net: NetName=VuC Pin=U12-32
Added Member To Class: ClassName=Smart_Bracelet Member=Component U5 2450AT18D0100E
