Removed Member From Class: ClassName=Smart_Bracelet Member=DS2
Removed Member From Class: ClassName=Smart_Bracelet Member=P9
Removed Member From Class: ClassName=Smart_Bracelet Member=R27
Removed Member From Class: ClassName=Smart_Bracelet Member=R29
Removed Member From Class: ClassName=Smart_Bracelet Member=R32
Removed Member From Class: ClassName=Smart_Bracelet Member=SW1
Removed Member From Class: ClassName=Smart_Bracelet Member=U11
Change Component Designator: OldDesignator=* NewDesignator=1
Change Component Designator: OldDesignator=C69 NewDesignator=C59
Change Component Designator: OldDesignator=C70 NewDesignator=C60
Change Component Designator: OldDesignator=C71 NewDesignator=C61
Change Component Designator: OldDesignator=C72 NewDesignator=C62
Change Component Designator: OldDesignator=C73 NewDesignator=C63
Change Component Designator: OldDesignator=C74 NewDesignator=C64
Change Component Designator: OldDesignator=C75 NewDesignator=C65
Change Component Designator: OldDesignator=C76 NewDesignator=C66
Change Component Designator: OldDesignator=C77 NewDesignator=C67
Change Component Designator: OldDesignator=C78 NewDesignator=C68
Change Component Designator: OldDesignator=C79 NewDesignator=C69
Change Component Designator: OldDesignator=C80 NewDesignator=C70
Change Component Designator: OldDesignator=C81 NewDesignator=C71
Change Component Designator: OldDesignator=C82 NewDesignator=C72
Change Component Designator: OldDesignator=D2 NewDesignator=D1
Change Component Designator: OldDesignator=D3 NewDesignator=D2
Change Component Designator: OldDesignator=D4 NewDesignator=D3
Change Component Designator: OldDesignator=D5 NewDesignator=D4
Change Component Designator: OldDesignator=D6 NewDesignator=D5
Change Component Designator: OldDesignator=D7 NewDesignator=D6
Change Component Designator: OldDesignator=D8 NewDesignator=D7
Change Component Designator: OldDesignator=D9 NewDesignator=D8
Change Component Designator: OldDesignator=D10 NewDesignator=D9
Change Component Designator: OldDesignator=D11 NewDesignator=D10
Change Component Designator: OldDesignator=D12 NewDesignator=D11
Change Component Designator: OldDesignator=D13 NewDesignator=D12
Change Component Designator: OldDesignator=D14 NewDesignator=D13
Change Component Designator: OldDesignator=D15 NewDesignator=D14
Change Component Designator: OldDesignator=D16 NewDesignator=D15
Change Component Designator: OldDesignator=D17 NewDesignator=D16
Change Component Designator: OldDesignator=D18 NewDesignator=D17
Change Component Designator: OldDesignator=D19 NewDesignator=D18
Change Component Designator: OldDesignator=D20 NewDesignator=D19
Change Component Designator: OldDesignator=D21 NewDesignator=D20
Change Component Designator: OldDesignator=D22 NewDesignator=D21
Change Component Designator: OldDesignator=D23 NewDesignator=D22
Change Component Designator: OldDesignator=D24 NewDesignator=D23
Change Component Designator: OldDesignator=D25 NewDesignator=D24
Change Component Designator: OldDesignator=D26 NewDesignator=D25
Change Component Designator: OldDesignator=D27 NewDesignator=D26
Change Component Designator: OldDesignator=D28 NewDesignator=D27
Change Component Designator: OldDesignator=D29 NewDesignator=D28
Change Component Designator: OldDesignator=D30 NewDesignator=D29
Change Component Designator: OldDesignator=D31 NewDesignator=D30
Change Component Designator: OldDesignator=D32 NewDesignator=D31
Change Component Designator: OldDesignator=D33 NewDesignator=D32
Change Component Designator: OldDesignator=D34 NewDesignator=D33
Change Component Designator: OldDesignator=D35 NewDesignator=D34
Change Component Designator: OldDesignator=DS1 NewDesignator=DS3
Change Component Designator: OldDesignator=DS2 NewDesignator=DS4
Change Component Designator: OldDesignator=J3 NewDesignator=J4
Change Component Designator: OldDesignator=J4 NewDesignator=J5
Change Component Designator: OldDesignator=J5 NewDesignator=J6
Change Component Designator: OldDesignator=J6 NewDesignator=J8
Change Component Designator: OldDesignator=J7 NewDesignator=J10
Change Component Designator: OldDesignator=J8 NewDesignator=J14
Change Component Designator: OldDesignator=J9 NewDesignator=J3
Change Component Designator: OldDesignator=J10 NewDesignator=J11
Change Component Designator: OldDesignator=J11 NewDesignator=J12
Change Component Designator: OldDesignator=J12 NewDesignator=J7
Change Component Designator: OldDesignator=J13 NewDesignator=J9
Change Component Designator: OldDesignator=J14 NewDesignator=J13
Change Component Designator: OldDesignator=J21 NewDesignator=J17
Change Component Designator: OldDesignator=J22 NewDesignator=J18
Change Component Designator: OldDesignator=J23 NewDesignator=J19
Change Component Designator: OldDesignator=J24 NewDesignator=J20
Change Component Designator: OldDesignator=J25 NewDesignator=J21
Change Component Designator: OldDesignator=J26 NewDesignator=J22
Change Component Designator: OldDesignator=L3 NewDesignator=L2
Change Component Designator: OldDesignator=L4 NewDesignator=L3
Change Component Designator: OldDesignator=L5 NewDesignator=L4
Change Component Designator: OldDesignator=P2 NewDesignator=P3
Change Component Designator: OldDesignator=P3 NewDesignator=P4
Change Component Designator: OldDesignator=P4 NewDesignator=P6
Change Component Designator: OldDesignator=P5 NewDesignator=P8
Change Component Designator: OldDesignator=P6 NewDesignator=P11
Change Component Designator: OldDesignator=P7 NewDesignator=P2
Change Component Designator: OldDesignator=P7 NewDesignator=P12
Change Component Designator: OldDesignator=P8 NewDesignator=P5
Change Component Designator: OldDesignator=P8 NewDesignator=P13
Change Component Designator: OldDesignator=P9 NewDesignator=P14
Change Component Designator: OldDesignator=P10 NewDesignator=P7
Change Component Designator: OldDesignator=P11 NewDesignator=P10
Change Component Designator: OldDesignator=R26 NewDesignator=R40
Change Component Designator: OldDesignator=R27 NewDesignator=R41
Change Component Designator: OldDesignator=R28 NewDesignator=R42
Change Component Designator: OldDesignator=R29 NewDesignator=R43
Change Component Designator: OldDesignator=R30 NewDesignator=R44
Change Component Designator: OldDesignator=R31 NewDesignator=R45
Change Component Designator: OldDesignator=R32 NewDesignator=R46
Change Component Designator: OldDesignator=SW1 NewDesignator=SW2
Change Component Designator: OldDesignator=TP1 NewDesignator=TP2
Change Component Designator: OldDesignator=TP2 NewDesignator=TP4
Change Component Designator: OldDesignator=TP4 NewDesignator=TP5
Change Component Designator: OldDesignator=TP5 NewDesignator=TP6
Change Component Designator: OldDesignator=TP6 NewDesignator=TP1
Change Component Designator: OldDesignator=U5 NewDesignator=U7
Change Component Designator: OldDesignator=U11 NewDesignator=U5
Change Component Designator: OldDesignator=U12 NewDesignator=U6
Added Pin To Net: NetName=PwrDown_int2_aux2 Pin=J21-1
Added Pin To Net: NetName=PwrDown_int2_aux2 Pin=J21-1
Added Pin To Net: NetName=PwrDown_int2_aux2 Pin=J21-1
Added Pin To Net: NetName=PwrDown_int2_aux2 Pin=J21-1
Added Pin To Net: NetName=PwrDown_int2_aux2 Pin=J21-1
Added Pin To Net: NetName=PwrDown_int2_aux2 Pin=J21-1
Added Pin To Net: NetName=PwrDown_int2_aux2 Pin=J21-1
Added Pin To Net: NetName=PwrDown_int2_aux2 Pin=J21-1
Added Pin To Net: NetName=PwrDown_int2_aux2 Pin=J21-1
Added Pin To Net: NetName=PwrDown_int2_aux2 Pin=J21-1
Added Pin To Net: NetName=PwrDown_int2_aux2 Pin=J21-1
Added Pin To Net: NetName=PwrDown_int2_aux2 Pin=J21-1
Added Pin To Net: NetName=PwrDown_int2_aux2 Pin=J21-1
Added Pin To Net: NetName=PwrDown_int2_aux2 Pin=J21-1
Added Pin To Net: NetName=PwrDown_int2_aux2 Pin=J21-1
Added Pin To Net: NetName=PwrDown_int2_aux2 Pin=J21-1
Added Pin To Net: NetName=PwrDown_int2_aux2 Pin=J21-1
Added Pin To Net: NetName=PwrDown_int2_aux2 Pin=J21-1
Added Pin To Net: NetName=PwrDown_int2_aux2 Pin=J22-1
Added Pin To Net: NetName=PwrDown_int2_aux2 Pin=J22-1
Added Pin To Net: NetName=PwrDown_int2_aux2 Pin=J22-1
Added Pin To Net: NetName=PwrDown_int2_aux2 Pin=J22-1
Added Pin To Net: NetName=PwrDown_int2_aux2 Pin=J22-1
Added Pin To Net: NetName=PwrDown_int2_aux2 Pin=J22-1
Added Pin To Net: NetName=PwrDown_int2_aux2 Pin=J22-1
Added Pin To Net: NetName=PwrDown_int2_aux2 Pin=J22-1
Added Pin To Net: NetName=PwrDown_int2_aux2 Pin=J22-1
Added Pin To Net: NetName=PwrDown_int2_aux2 Pin=J22-1
Added Pin To Net: NetName=PwrDown_int2_aux2 Pin=J22-1
Added Pin To Net: NetName=PwrDown_int2_aux2 Pin=J22-1
Added Pin To Net: NetName=PwrDown_int2_aux2 Pin=J22-1
Added Pin To Net: NetName=PwrDown_int2_aux2 Pin=J22-1
Added Pin To Net: NetName=PwrDown_int2_aux2 Pin=J22-1
Added Pin To Net: NetName=PwrDown_int2_aux2 Pin=J22-1
Added Pin To Net: NetName=PwrDown_int2_aux2 Pin=J22-1
Added Pin To Net: NetName=PwrDown_int2_aux2 Pin=J22-1
Added Pin To Net: NetName=NetL4_1 Pin=L4-1
Added Pin To Net: NetName=PwrDown_int2_aux2 Pin=P14-1
Added Pin To Net: NetName=NetTP1_1 Pin=TP1-1
Added Pin To Net: NetName=NetTP2_1 Pin=TP2-1
Added Pin To Net: NetName=NetTP4_1 Pin=TP4-1
Added Pin To Net: NetName=NetTP5_1 Pin=TP5-1
Added Pin To Net: NetName=NetTP6_1 Pin=TP6-1
Added Pin To Net: NetName=NetTP2_1 Pin=U1-34
Added Pin To Net: NetName=NetTP6_1 Pin=U1-39
Added Pin To Net: NetName=NetTP5_1 Pin=U1-40
Added Pin To Net: NetName=NetTP4_1 Pin=U1-43
Added Pin To Net: NetName=NetTP1_1 Pin=U1-47
Added Pin To Net: NetName=NetTP1_1 Pin=U6-5
Added Pin To Net: NetName=NetTP2_1 Pin=U6-6
Added Pin To Net: NetName=NetTP4_1 Pin=U6-7
Added Pin To Net: NetName=NetTP5_1 Pin=U6-8
Added Pin To Net: NetName=NetTP6_1 Pin=U6-10
Added Pin To Net: NetName=PwrDown_int2_aux2 Pin=U6-28
Added Pin To Net: NetName=NetL4_1 Pin=U6-31
Change Net Name : Old Net Name=Net_1 New Net Name=Net1_1
Change Net Name : Old Net Name=NetC69_2 New Net Name=NetC59_2
Change Net Name : Old Net Name=NetC70_2 New Net Name=NetC60_2
Change Net Name : Old Net Name=NetC71_1 New Net Name=NetC61_1
Change Net Name : Old Net Name=NetC72_1 New Net Name=NetC62_1
Change Net Name : Old Net Name=NetC75_2 New Net Name=NetC65_2
Change Net Name : Old Net Name=NetC76_2 New Net Name=NetC66_2
Change Net Name : Old Net Name=NetC77_1 New Net Name=NetC67_1
Change Net Name : Old Net Name=NetC78_2 New Net Name=NetC68_2
Change Net Name : Old Net Name=NetC82_2 New Net Name=NetC72_2
Change Net Name : Old Net Name=NetJ10_1 New Net Name=NetJ11_1
Change Net Name : Old Net Name=NetJ21_1 New Net Name=NetJ17_1
Change Net Name : Old Net Name=NetJ22_1 New Net Name=NetJ18_1
Added Pin To Net: NetName=NetDS3_1 Pin=DS3-1
Added Pin To Net: NetName=NetDS3_1 Pin=R44-2
Added Net: Name=NetDS3_1
Added Pin To Net: NetName=NetDS3_2 Pin=DS3-2
Added Pin To Net: NetName=NetDS3_2 Pin=J17-2
Added Pin To Net: NetName=NetDS3_2 Pin=J17-2
Added Pin To Net: NetName=NetDS3_2 Pin=J17-2
Added Pin To Net: NetName=NetDS3_2 Pin=J17-2
Added Pin To Net: NetName=NetDS3_2 Pin=J17-2
Added Pin To Net: NetName=NetDS3_2 Pin=J17-2
Added Pin To Net: NetName=NetDS3_2 Pin=J17-2
Added Pin To Net: NetName=NetDS3_2 Pin=J17-2
Added Pin To Net: NetName=NetDS3_2 Pin=J17-2
Added Pin To Net: NetName=NetDS3_2 Pin=J17-2
Added Pin To Net: NetName=NetDS3_2 Pin=J17-2
Added Pin To Net: NetName=NetDS3_2 Pin=J17-2
Added Pin To Net: NetName=NetDS3_2 Pin=J17-2
Added Pin To Net: NetName=NetDS3_2 Pin=J17-2
Added Pin To Net: NetName=NetDS3_2 Pin=J17-2
Added Pin To Net: NetName=NetDS3_2 Pin=J17-2
Added Pin To Net: NetName=NetDS3_2 Pin=J17-2
Added Pin To Net: NetName=NetDS3_2 Pin=J17-2
Added Net: Name=NetDS3_2
Added Pin To Net: NetName=NetDS4_1 Pin=DS4-1
Added Pin To Net: NetName=NetDS4_1 Pin=R45-2
Added Net: Name=NetDS4_1
Added Pin To Net: NetName=NetDS4_2 Pin=DS4-2
Added Pin To Net: NetName=NetDS4_2 Pin=J18-2
Added Pin To Net: NetName=NetDS4_2 Pin=J18-2
Added Pin To Net: NetName=NetDS4_2 Pin=J18-2
Added Pin To Net: NetName=NetDS4_2 Pin=J18-2
Added Pin To Net: NetName=NetDS4_2 Pin=J18-2
Added Pin To Net: NetName=NetDS4_2 Pin=J18-2
Added Pin To Net: NetName=NetDS4_2 Pin=J18-2
Added Pin To Net: NetName=NetDS4_2 Pin=J18-2
Added Pin To Net: NetName=NetDS4_2 Pin=J18-2
Added Pin To Net: NetName=NetDS4_2 Pin=J18-2
Added Pin To Net: NetName=NetDS4_2 Pin=J18-2
Added Pin To Net: NetName=NetDS4_2 Pin=J18-2
Added Pin To Net: NetName=NetDS4_2 Pin=J18-2
Added Pin To Net: NetName=NetDS4_2 Pin=J18-2
Added Pin To Net: NetName=NetDS4_2 Pin=J18-2
Added Pin To Net: NetName=NetDS4_2 Pin=J18-2
Added Pin To Net: NetName=NetDS4_2 Pin=J18-2
Added Pin To Net: NetName=NetDS4_2 Pin=J18-2
Added Net: Name=NetDS4_2
Added Pin To Net: NetName=NetJ19_2 Pin=J19-2
Added Pin To Net: NetName=NetJ19_2 Pin=J19-2
Added Pin To Net: NetName=NetJ19_2 Pin=J19-2
Added Pin To Net: NetName=NetJ19_2 Pin=J19-2
Added Pin To Net: NetName=NetJ19_2 Pin=J19-2
Added Pin To Net: NetName=NetJ19_2 Pin=J19-2
Added Pin To Net: NetName=NetJ19_2 Pin=J19-2
Added Pin To Net: NetName=NetJ19_2 Pin=J19-2
Added Pin To Net: NetName=NetJ19_2 Pin=J19-2
Added Pin To Net: NetName=NetJ19_2 Pin=J19-2
Added Pin To Net: NetName=NetJ19_2 Pin=J19-2
Added Pin To Net: NetName=NetJ19_2 Pin=J19-2
Added Pin To Net: NetName=NetJ19_2 Pin=J19-2
Added Pin To Net: NetName=NetJ19_2 Pin=J19-2
Added Pin To Net: NetName=NetJ19_2 Pin=J19-2
Added Pin To Net: NetName=NetJ19_2 Pin=J19-2
Added Pin To Net: NetName=NetJ19_2 Pin=J19-2
Added Pin To Net: NetName=NetJ19_2 Pin=J19-2
Added Pin To Net: NetName=NetJ19_2 Pin=U1-38
Added Net: Name=NetJ19_2
Added Pin To Net: NetName=NetJ20_2 Pin=J20-2
Added Pin To Net: NetName=NetJ20_2 Pin=J20-2
Added Pin To Net: NetName=NetJ20_2 Pin=J20-2
Added Pin To Net: NetName=NetJ20_2 Pin=J20-2
Added Pin To Net: NetName=NetJ20_2 Pin=J20-2
Added Pin To Net: NetName=NetJ20_2 Pin=J20-2
Added Pin To Net: NetName=NetJ20_2 Pin=J20-2
Added Pin To Net: NetName=NetJ20_2 Pin=J20-2
Added Pin To Net: NetName=NetJ20_2 Pin=J20-2
Added Pin To Net: NetName=NetJ20_2 Pin=J20-2
Added Pin To Net: NetName=NetJ20_2 Pin=J20-2
Added Pin To Net: NetName=NetJ20_2 Pin=J20-2
Added Pin To Net: NetName=NetJ20_2 Pin=J20-2
Added Pin To Net: NetName=NetJ20_2 Pin=J20-2
Added Pin To Net: NetName=NetJ20_2 Pin=J20-2
Added Pin To Net: NetName=NetJ20_2 Pin=J20-2
Added Pin To Net: NetName=NetJ20_2 Pin=J20-2
Added Pin To Net: NetName=NetJ20_2 Pin=J20-2
Added Pin To Net: NetName=NetJ20_2 Pin=U1-37
Added Net: Name=NetJ20_2
Added Pin To Net: NetName=NetJ21_2 Pin=J21-2
Added Pin To Net: NetName=NetJ21_2 Pin=J21-2
Added Pin To Net: NetName=NetJ21_2 Pin=J21-2
Added Pin To Net: NetName=NetJ21_2 Pin=J21-2
Added Pin To Net: NetName=NetJ21_2 Pin=J21-2
Added Pin To Net: NetName=NetJ21_2 Pin=J21-2
Added Pin To Net: NetName=NetJ21_2 Pin=J21-2
Added Pin To Net: NetName=NetJ21_2 Pin=J21-2
Added Pin To Net: NetName=NetJ21_2 Pin=J21-2
Added Pin To Net: NetName=NetJ21_2 Pin=J21-2
Added Pin To Net: NetName=NetJ21_2 Pin=J21-2
Added Pin To Net: NetName=NetJ21_2 Pin=J21-2
Added Pin To Net: NetName=NetJ21_2 Pin=J21-2
Added Pin To Net: NetName=NetJ21_2 Pin=J21-2
Added Pin To Net: NetName=NetJ21_2 Pin=J21-2
Added Pin To Net: NetName=NetJ21_2 Pin=J21-2
Added Pin To Net: NetName=NetJ21_2 Pin=J21-2
Added Pin To Net: NetName=NetJ21_2 Pin=J21-2
Added Pin To Net: NetName=NetJ21_2 Pin=U1-35
Added Pin To Net: NetName=NetJ21_2 Pin=U4-3
Added Net: Name=NetJ21_2
Added Pin To Net: NetName=NetL3_1 Pin=L3-1
Added Pin To Net: NetName=NetL3_1 Pin=L4-2
Added Net: Name=NetL3_1
Added Pin To Net: NetName=NetP12_2 Pin=P12-2
Added Pin To Net: NetName=NetP12_2 Pin=U6-18
Added Net: Name=NetP12_2
Added Pin To Net: NetName=NetP12_4 Pin=P12-4
Added Pin To Net: NetName=NetP12_4 Pin=U6-17
Added Net: Name=NetP12_4
Added Pin To Net: NetName=NetR42_1 Pin=R42-1
Added Pin To Net: NetName=NetR42_1 Pin=R43-1
Added Pin To Net: NetName=NetR42_1 Pin=U6-4
Added Net: Name=NetR42_1
Added Member To Class: ClassName=Smart_Bracelet Member=Component DS4 APG1608SURKC/T
Added Member To Class: ClassName=Smart_Bracelet Member=Component P14 Aux
Added Member To Class: ClassName=Smart_Bracelet Member=Component R41 3.3k
Added Member To Class: ClassName=Smart_Bracelet Member=Component R43 1MR
Added Member To Class: ClassName=Smart_Bracelet Member=Component R46 100kR
Added Member To Class: ClassName=Smart_Bracelet Member=Component SW2 FSM4JSMA
Added Member To Class: ClassName=Smart_Bracelet Member=Component U7 2450AT18D0100E
