Removed Pin From Net: NetName=NetDS3_1 Pin=DS3-1
Removed Pin From Net: NetName=NetDS3_2 Pin=DS3-2
Removed Pin From Net: NetName=NetDS3_2 Pin=J17-2
Removed Pin From Net: NetName=NetDS3_2 Pin=J17-2
Removed Pin From Net: NetName=NetDS3_2 Pin=J17-2
Removed Pin From Net: NetName=NetDS3_2 Pin=J17-2
Removed Pin From Net: NetName=NetDS3_2 Pin=J17-2
Removed Pin From Net: NetName=NetDS3_2 Pin=J17-2
Removed Pin From Net: NetName=NetDS3_2 Pin=J17-2
Removed Pin From Net: NetName=NetDS3_2 Pin=J17-2
Removed Pin From Net: NetName=NetDS3_2 Pin=J17-2
Removed Pin From Net: NetName=NetDS3_2 Pin=J17-2
Removed Pin From Net: NetName=NetDS3_2 Pin=J17-2
Removed Pin From Net: NetName=NetDS3_2 Pin=J17-2
Removed Pin From Net: NetName=NetDS3_2 Pin=J17-2
Removed Pin From Net: NetName=NetDS3_2 Pin=J17-2
Removed Pin From Net: NetName=NetDS3_2 Pin=J17-2
Removed Pin From Net: NetName=NetDS3_2 Pin=J17-2
Removed Pin From Net: NetName=NetDS3_2 Pin=J17-2
Removed Pin From Net: NetName=NetDS3_2 Pin=J17-2
Removed Pin From Net: NetName=VuC Pin=L4-1
Removed Pin From Net: NetName=V_bat Pin=R42-2
Removed Pin From Net: NetName=NetDS3_1 Pin=R44-2
Removed Pin From Net: NetName=VuC Pin=U6-31
Added Pin To Net: NetName=NetL4_1 Pin=L4-1
Added Pin To Net: NetName=NetL4_1 Pin=U6-31
Change Net Name : Old Net Name=NetDS3_1 New Net Name=NetTP6_1
Change Net Name : Old Net Name=NetDS3_2 New Net Name=PwrDown_int2_aux2
Change Net Name : Old Net Name=NetTP5_1 New Net Name=NetTP1_1
Change Net Name : Old Net Name=NetTP6_1 New Net Name=NetTP2_1
Change Net Name : Old Net Name=PwrDown_int2_aux2 New Net Name=NetTP4_1
Change Net Name : Old Net Name=V_bat New Net Name=NetTP5_1
Added Pin To Net: NetName=NetDS3_1 Pin=DS3-1
Added Pin To Net: NetName=NetDS3_1 Pin=R44-2
Added Net: Name=NetDS3_1
Added Pin To Net: NetName=NetDS3_2 Pin=DS3-2
Added Pin To Net: NetName=NetDS3_2 Pin=J17-2
Added Pin To Net: NetName=NetDS3_2 Pin=J17-2
Added Pin To Net: NetName=NetDS3_2 Pin=J17-2
Added Pin To Net: NetName=NetDS3_2 Pin=J17-2
Added Pin To Net: NetName=NetDS3_2 Pin=J17-2
Added Pin To Net: NetName=NetDS3_2 Pin=J17-2
Added Pin To Net: NetName=NetDS3_2 Pin=J17-2
Added Pin To Net: NetName=NetDS3_2 Pin=J17-2
Added Pin To Net: NetName=NetDS3_2 Pin=J17-2
Added Pin To Net: NetName=NetDS3_2 Pin=J17-2
Added Pin To Net: NetName=NetDS3_2 Pin=J17-2
Added Pin To Net: NetName=NetDS3_2 Pin=J17-2
Added Pin To Net: NetName=NetDS3_2 Pin=J17-2
Added Pin To Net: NetName=NetDS3_2 Pin=J17-2
Added Pin To Net: NetName=NetDS3_2 Pin=J17-2
Added Pin To Net: NetName=NetDS3_2 Pin=J17-2
Added Pin To Net: NetName=NetDS3_2 Pin=J17-2
Added Pin To Net: NetName=NetDS3_2 Pin=J17-2
Added Net: Name=NetDS3_2
Added Pin To Net: NetName=V_bat Pin=R42-2
Added Net: Name=V_bat
