Change Component Designator: Old Designator=*? New Designator=*32
Change Component Designator: Old Designator=*? New Designator=*33
Change Component Designator: Old Designator=*? New Designator=*34
Change Component Designator: Old Designator=*? New Designator=*35
Change Component Designator: Old Designator=*? New Designator=*36
Change Component Designator: Old Designator=*? New Designator=*37
Change Component Designator: Old Designator=*? New Designator=*38
Change Component Designator: Old Designator=*? New Designator=*39
Change Component Designator: Old Designator=*? New Designator=*40
Change Component Designator: Old Designator=*? New Designator=*41
Change Component Designator: Old Designator=C? New Designator=C59
Change Component Designator: Old Designator=C? New Designator=C60
Change Component Designator: Old Designator=C? New Designator=C61
Change Component Designator: Old Designator=C? New Designator=C62
Change Component Designator: Old Designator=C? New Designator=C63
Change Component Designator: Old Designator=C? New Designator=C64
Change Component Designator: Old Designator=C? New Designator=C65
Change Component Designator: Old Designator=C? New Designator=C66
Change Component Designator: Old Designator=C? New Designator=C67
Change Component Designator: Old Designator=C? New Designator=C68
Change Component Designator: Old Designator=C? New Designator=C69
Change Component Designator: Old Designator=C? New Designator=C70
Change Component Designator: Old Designator=C? New Designator=C71
Change Component Designator: Old Designator=C? New Designator=C72
Change Component Designator: Old Designator=C? New Designator=C73
Change Component Designator: Old Designator=C? New Designator=C74
Change Component Designator: Old Designator=C? New Designator=C75
Change Component Designator: Old Designator=C? New Designator=C76
Change Component Designator: Old Designator=C? New Designator=C77
Change Component Designator: Old Designator=C? New Designator=C78
Change Component Designator: Old Designator=C? New Designator=C79
Change Component Designator: Old Designator=D? New Designator=D1
Change Component Designator: Old Designator=D? New Designator=D1
Change Component Designator: Old Designator=D? New Designator=D1
Change Component Designator: Old Designator=DS? New Designator=DS3
Change Component Designator: Old Designator=DS? New Designator=DS4
Change Component Designator: Old Designator=J? New Designator=J17
Change Component Designator: Old Designator=J? New Designator=J18
Change Component Designator: Old Designator=J? New Designator=J19
Change Component Designator: Old Designator=J? New Designator=J20
Change Component Designator: Old Designator=J? New Designator=J21
Change Component Designator: Old Designator=L? New Designator=L2
Change Component Designator: Old Designator=L? New Designator=L3
Change Component Designator: Old Designator=L? New Designator=L4
Change Component Designator: Old Designator=L? New Designator=L5
Change Component Designator: Old Designator=P? New Designator=P13
Change Component Designator: Old Designator=P? New Designator=P14
Change Component Designator: Old Designator=P? New Designator=P15
Change Component Designator: Old Designator=R? New Designator=R40
Change Component Designator: Old Designator=R? New Designator=R41
Change Component Designator: Old Designator=R? New Designator=R42
Change Component Designator: Old Designator=R? New Designator=R43
Change Component Designator: Old Designator=R? New Designator=R44
Change Component Designator: Old Designator=R? New Designator=R45
Change Component Designator: Old Designator=R? New Designator=R46
Change Component Designator: Old Designator=R? New Designator=R47
Change Component Designator: Old Designator=R? New Designator=R48
Change Component Designator: Old Designator=R? New Designator=R49
Change Component Designator: Old Designator=SW? New Designator=SW2
Change Component Designator: Old Designator=U? New Designator=U5
Change Component Designator: Old Designator=U? New Designator=U5
Change Component Designator: Old Designator=U? New Designator=U6
Change Component Designator: Old Designator=Y? New Designator=Y1
Change Component Designator: Old Designator=Y? New Designator=Y2
