Change Component Designator: Old Designator=C69 New Designator=C59
Change Component Designator: Old Designator=C70 New Designator=C60
Change Component Designator: Old Designator=C71 New Designator=C61
Change Component Designator: Old Designator=C72 New Designator=C62
Change Component Designator: Old Designator=C73 New Designator=C63
Change Component Designator: Old Designator=C74 New Designator=C64
Change Component Designator: Old Designator=C75 New Designator=C65
Change Component Designator: Old Designator=C76 New Designator=C66
Change Component Designator: Old Designator=C77 New Designator=C67
Change Component Designator: Old Designator=C78 New Designator=C68
Change Component Designator: Old Designator=C79 New Designator=C69
Change Component Designator: Old Designator=C80 New Designator=C70
Change Component Designator: Old Designator=C81 New Designator=C71
Change Component Designator: Old Designator=C82 New Designator=C72
Change Component Designator: Old Designator=DS1 New Designator=DS3
Change Component Designator: Old Designator=DS2 New Designator=DS4
Change Component Designator: Old Designator=J21 New Designator=J17
Change Component Designator: Old Designator=J22 New Designator=J18
Change Component Designator: Old Designator=J23 New Designator=J19
Change Component Designator: Old Designator=J24 New Designator=J20
Change Component Designator: Old Designator=J25 New Designator=J21
Change Component Designator: Old Designator=J26 New Designator=J22
Change Component Designator: Old Designator=L3 New Designator=L2
Change Component Designator: Old Designator=L4 New Designator=L3
Change Component Designator: Old Designator=L5 New Designator=L4
Change Component Designator: Old Designator=P7 New Designator=P12
Change Component Designator: Old Designator=P8 New Designator=P13
Change Component Designator: Old Designator=P9 New Designator=P14
Change Component Designator: Old Designator=R26 New Designator=R40
Change Component Designator: Old Designator=R27 New Designator=R41
Change Component Designator: Old Designator=R28 New Designator=R42
Change Component Designator: Old Designator=R29 New Designator=R43
Change Component Designator: Old Designator=R30 New Designator=R44
Change Component Designator: Old Designator=R31 New Designator=R45
Change Component Designator: Old Designator=R32 New Designator=R46
Change Component Designator: Old Designator=SW1 New Designator=SW2
Change Component Designator: Old Designator=TP1 New Designator=TP2
Change Component Designator: Old Designator=TP2 New Designator=TP4
Change Component Designator: Old Designator=TP4 New Designator=TP5
Change Component Designator: Old Designator=TP5 New Designator=TP6
Change Component Designator: Old Designator=TP6 New Designator=TP1
Change Component Designator: Old Designator=U5 New Designator=U7
Change Component Designator: Old Designator=U11 New Designator=U5
Change Component Designator: Old Designator=U12 New Designator=U6
